==============================================
Job ID      : 325457
Node        : GPU3.cse.usf.edu
GPU(s)      : NVIDIA GeForce GTX 1080 Ti, 11264 MiB
Start time  : Mon Apr 20 17:28:23 EDT 2026
Working dir : /home/a/akashsingh/FM-MAE-CL-IB
==============================================

[ABLATION CONFIG]
  run_name   : logcosh_kl
  loss_fn    : logcosh
  regularizer: kl
  kl_weight  : 0.001
  mmd_weight : 10.0
  epochs     : 50
----------------------------------------------

[1/2] Generating / verifying persistent CV splits ...
Splits file already exists: /home/a/akashsingh/FM-MAE-CL-IB/Objective_Functions_Ablations/splits/splits_10fold.json
Use --overwrite to regenerate.

[2/2] Running ablation ...
Splits: 10 folds | 1078 patients

Loading: /home/a/akashsingh/FM-MAE-CL-IB/data/processed/raw_features_cnv_ablation.csv
  1078 patients × 500 raw features
  Label 0 (long-term): 251  Label 1 (short-term): 827
Device: cuda
        NVIDIA GeForce GTX 1080 Ti

============================================================
  Training VAE | recon=logcosh | reg=kl
============================================================
  VAE: input=500 → latent=32 | 345,524 params | recon=logcosh | reg=kl
       KL weight β=0.001
  Epoch   1/50 | total=0.31821  recon=0.31747  reg=0.00074 | lr=1.00e-03
  Epoch   2/50 | total=0.24878  recon=0.24769  reg=0.00110 | lr=1.00e-03
  Epoch   3/50 | total=0.23255  recon=0.23144  reg=0.00111 | lr=1.00e-03
  Epoch   4/50 | total=0.22183  recon=0.22070  reg=0.00113 | lr=1.00e-03
  Epoch   5/50 | total=0.21411  recon=0.21293  reg=0.00117 | lr=1.00e-03
  Epoch   6/50 | total=0.20993  recon=0.20870  reg=0.00123 | lr=1.00e-03
  Epoch   7/50 | total=0.20602  recon=0.20477  reg=0.00125 | lr=1.00e-03
  Epoch   8/50 | total=0.20500  recon=0.20377  reg=0.00124 | lr=1.00e-03
  Epoch   9/50 | total=0.20452  recon=0.20321  reg=0.00130 | lr=1.00e-03
  Epoch  10/50 | total=0.20350  recon=0.20217  reg=0.00133 | lr=1.00e-03
  Epoch  11/50 | total=0.20042  recon=0.19911  reg=0.00131 | lr=1.00e-03
  Epoch  12/50 | total=0.19934  recon=0.19805  reg=0.00129 | lr=1.00e-03
  Epoch  13/50 | total=0.19893  recon=0.19765  reg=0.00128 | lr=1.00e-03
  Epoch  14/50 | total=0.19764  recon=0.19641  reg=0.00123 | lr=1.00e-03
  Epoch  15/50 | total=0.19674  recon=0.19554  reg=0.00120 | lr=1.00e-03
  Epoch  16/50 | total=0.19649  recon=0.19527  reg=0.00122 | lr=1.00e-03
  Epoch  17/50 | total=0.19427  recon=0.19306  reg=0.00121 | lr=1.00e-03
  Epoch  18/50 | total=0.19313  recon=0.19190  reg=0.00123 | lr=1.00e-03
  Epoch  19/50 | total=0.19204  recon=0.19080  reg=0.00125 | lr=1.00e-03
  Epoch  20/50 | total=0.19160  recon=0.19037  reg=0.00124 | lr=1.00e-03
  Epoch  21/50 | total=0.19220  recon=0.19096  reg=0.00124 | lr=1.00e-03
  Epoch  22/50 | total=0.19064  recon=0.18942  reg=0.00123 | lr=1.00e-03
  Epoch  23/50 | total=0.18892  recon=0.18768  reg=0.00124 | lr=1.00e-03
  Epoch  24/50 | total=0.18663  recon=0.18537  reg=0.00125 | lr=1.00e-03
  Epoch  25/50 | total=0.18505  recon=0.18377  reg=0.00129 | lr=1.00e-03
  Epoch  26/50 | total=0.18225  recon=0.18092  reg=0.00132 | lr=1.00e-03
  Epoch  27/50 | total=0.18140  recon=0.18006  reg=0.00134 | lr=1.00e-03
  Epoch  28/50 | total=0.18053  recon=0.17917  reg=0.00136 | lr=1.00e-03
  Epoch  29/50 | total=0.17957  recon=0.17819  reg=0.00137 | lr=1.00e-03
  Epoch  30/50 | total=0.17844  recon=0.17707  reg=0.00137 | lr=1.00e-03
  Epoch  31/50 | total=0.17803  recon=0.17666  reg=0.00137 | lr=1.00e-03
  Epoch  32/50 | total=0.17719  recon=0.17580  reg=0.00140 | lr=1.00e-03
  Epoch  33/50 | total=0.17918  recon=0.17777  reg=0.00141 | lr=1.00e-03
  Epoch  34/50 | total=0.17675  recon=0.17534  reg=0.00141 | lr=1.00e-03
  Epoch  35/50 | total=0.17616  recon=0.17475  reg=0.00142 | lr=1.00e-03
  Epoch  36/50 | total=0.17635  recon=0.17493  reg=0.00142 | lr=1.00e-03
  Epoch  37/50 | total=0.17554  recon=0.17412  reg=0.00142 | lr=9.99e-04
  Epoch  38/50 | total=0.17519  recon=0.17375  reg=0.00143 | lr=9.99e-04
  Epoch  39/50 | total=0.17414  recon=0.17271  reg=0.00143 | lr=9.99e-04
  Epoch  40/50 | total=0.17410  recon=0.17268  reg=0.00142 | lr=9.99e-04
  Epoch  41/50 | total=0.17336  recon=0.17193  reg=0.00143 | lr=9.99e-04
  Epoch  42/50 | total=0.17337  recon=0.17193  reg=0.00144 | lr=9.99e-04
  Epoch  43/50 | total=0.17312  recon=0.17168  reg=0.00144 | lr=9.99e-04
  Epoch  44/50 | total=0.17267  recon=0.17122  reg=0.00145 | lr=9.99e-04
  Epoch  45/50 | total=0.17135  recon=0.16988  reg=0.00147 | lr=9.99e-04
  Epoch  46/50 | total=0.17103  recon=0.16957  reg=0.00146 | lr=9.99e-04
  Epoch  47/50 | total=0.17155  recon=0.17009  reg=0.00146 | lr=9.99e-04
  Epoch  48/50 | total=0.17101  recon=0.16954  reg=0.00147 | lr=9.99e-04
  Epoch  49/50 | total=0.17024  recon=0.16876  reg=0.00148 | lr=9.99e-04
  Epoch  50/50 | total=0.17048  recon=0.16900  reg=0.00148 | lr=9.99e-04
  Latent features: (1078, 32)  (epochs run: 50)
  Checkpoint       → /home/a/akashsingh/FM-MAE-CL-IB/Objective_Functions_Ablations/outputs/logcosh_kl_20260420_172831/vae_checkpoint.pt
  Training log     → /home/a/akashsingh/FM-MAE-CL-IB/Objective_Functions_Ablations/outputs/logcosh_kl_20260420_172831/vae_training_log.csv

Latent features → /home/a/akashsingh/FM-MAE-CL-IB/Objective_Functions_Ablations/outputs/logcosh_kl_20260420_172831/vae_latent_features.csv
Manifest        → /home/a/akashsingh/FM-MAE-CL-IB/Objective_Functions_Ablations/outputs/logcosh_kl_20260420_172831/manifest.json

============================================================
  5 classifiers | 10-fold pre-fixed splits
============================================================

────────────────────────────────────────────────────────────
  Classifier: rbf_svm
────────────────────────────────────────────────────────────
    Fold  1/10 | ROC=0.5239  AUPRC=0.7901  Acc=0.5926  F1=0.7067 | TN=11 FP=15 FN=29 TP=53
    Fold  2/10 | ROC=0.5084  AUPRC=0.7824  Acc=0.5093  F1=0.6131 | TN=13 FP=12 FN=41 TP=42
    Fold  3/10 | ROC=0.5880  AUPRC=0.8296  Acc=0.6019  F1=0.7114 | TN=12 FP=13 FN=30 TP=53
    Fold  4/10 | ROC=0.5306  AUPRC=0.7921  Acc=0.5278  F1=0.6331 | TN=13 FP=12 FN=39 TP=44
    Fold  5/10 | ROC=0.4516  AUPRC=0.7538  Acc=0.5185  F1=0.6389 | TN=10 FP=15 FN=37 TP=46
    Fold  6/10 | ROC=0.5880  AUPRC=0.8184  Acc=0.6204  F1=0.7211 | TN=14 FP=11 FN=30 TP=53
    Fold  7/10 | ROC=0.5499  AUPRC=0.8079  Acc=0.5926  F1=0.7027 | TN=12 FP=13 FN=31 TP=52
    Fold  8/10 | ROC=0.4178  AUPRC=0.7356  Acc=0.4630  F1=0.5915 | TN=8 FP=17 FN=41 TP=42
    Fold  9/10 | ROC=0.5698  AUPRC=0.7992  Acc=0.5607  F1=0.6759 | TN=11 FP=14 FN=33 TP=49
    Fold 10/10 | ROC=0.5254  AUPRC=0.7934  Acc=0.5140  F1=0.6176 | TN=13 FP=12 FN=40 TP=42

  ── rbf_svm ────────────────────────────────────────
    CV  AUROC     : 0.5253
    CV  AUPRC     : 0.7902
    CV  Accuracy  : 0.5501
    CV  Precision : 0.7796
    CV  Recall    : 0.5756
    CV  F1        : 0.6612
    Full AUROC    : 0.8104
    Full AUPRC    : 0.9182

────────────────────────────────────────────────────────────
  Classifier: linear_svm
────────────────────────────────────────────────────────────
    Fold  1/10 | ROC=0.4972  AUPRC=0.7824  Acc=0.5556  F1=0.6712 | TN=11 FP=15 FN=33 TP=49
    Fold  2/10 | ROC=0.4949  AUPRC=0.8001  Acc=0.4722  F1=0.5899 | TN=10 FP=15 FN=42 TP=41
    Fold  3/10 | ROC=0.6058  AUPRC=0.8184  Acc=0.6111  F1=0.7042 | TN=16 FP=9 FN=33 TP=50
    Fold  4/10 | ROC=0.5055  AUPRC=0.7586  Acc=0.4907  F1=0.5926 | TN=13 FP=12 FN=43 TP=40
    Fold  5/10 | ROC=0.4477  AUPRC=0.7839  Acc=0.5000  F1=0.6351 | TN=7 FP=18 FN=36 TP=47
    Fold  6/10 | ROC=0.5231  AUPRC=0.8206  Acc=0.5185  F1=0.6338 | TN=11 FP=14 FN=38 TP=45
    Fold  7/10 | ROC=0.5827  AUPRC=0.8221  Acc=0.6019  F1=0.7034 | TN=14 FP=11 FN=32 TP=51
    Fold  8/10 | ROC=0.4347  AUPRC=0.7470  Acc=0.4722  F1=0.5649 | TN=14 FP=11 FN=46 TP=37
    Fold  9/10 | ROC=0.5263  AUPRC=0.7759  Acc=0.6168  F1=0.7172 | TN=14 FP=11 FN=30 TP=52
    Fold 10/10 | ROC=0.4195  AUPRC=0.7113  Acc=0.4486  F1=0.5693 | TN=9 FP=16 FN=43 TP=39

  ── linear_svm ────────────────────────────────────────
    CV  AUROC     : 0.5037
    CV  AUPRC     : 0.7820
    CV  Accuracy  : 0.5288
    CV  Precision : 0.7728
    CV  Recall    : 0.5454
    CV  F1        : 0.6382
    Full AUROC    : 0.6094
    Full AUPRC    : 0.8254

────────────────────────────────────────────────────────────
  Classifier: poly_svm
────────────────────────────────────────────────────────────
    Fold  1/10 | ROC=0.5633  AUPRC=0.8211  Acc=0.5926  F1=0.7179 | TN=8 FP=18 FN=26 TP=56
    Fold  2/10 | ROC=0.5253  AUPRC=0.7847  Acc=0.5185  F1=0.6338 | TN=11 FP=14 FN=38 TP=45
    Fold  3/10 | ROC=0.5605  AUPRC=0.8144  Acc=0.6389  F1=0.7484 | TN=11 FP=14 FN=25 TP=58
    Fold  4/10 | ROC=0.5533  AUPRC=0.7983  Acc=0.6111  F1=0.7237 | TN=11 FP=14 FN=28 TP=55
    Fold  5/10 | ROC=0.4655  AUPRC=0.7805  Acc=0.5556  F1=0.6962 | TN=5 FP=20 FN=28 TP=55
    Fold  6/10 | ROC=0.5933  AUPRC=0.8339  Acc=0.6111  F1=0.7162 | TN=13 FP=12 FN=30 TP=53
    Fold  7/10 | ROC=0.5412  AUPRC=0.8027  Acc=0.5926  F1=0.7105 | TN=10 FP=15 FN=29 TP=54
    Fold  8/10 | ROC=0.5190  AUPRC=0.7999  Acc=0.5463  F1=0.6667 | TN=10 FP=15 FN=34 TP=49
    Fold  9/10 | ROC=0.5415  AUPRC=0.7842  Acc=0.5794  F1=0.6897 | TN=12 FP=13 FN=32 TP=50
    Fold 10/10 | ROC=0.4961  AUPRC=0.7712  Acc=0.5514  F1=0.6712 | TN=10 FP=15 FN=33 TP=49

  ── poly_svm ────────────────────────────────────────
    CV  AUROC     : 0.5359
    CV  AUPRC     : 0.7991
    CV  Accuracy  : 0.5798
    CV  Precision : 0.7778
    CV  Recall    : 0.6336
    CV  F1        : 0.6974
    Full AUROC    : 0.8226
    Full AUPRC    : 0.9296

────────────────────────────────────────────────────────────
  Classifier: sigmoid_svm
────────────────────────────────────────────────────────────
    Fold  1/10 | ROC=0.4496  AUPRC=0.7400  Acc=0.5093  F1=0.5954 | TN=16 FP=10 FN=43 TP=39
    Fold  2/10 | ROC=0.5554  AUPRC=0.8193  Acc=0.4352  F1=0.5414 | TN=11 FP=14 FN=47 TP=36
    Fold  3/10 | ROC=0.4646  AUPRC=0.7602  Acc=0.5093  F1=0.6015 | TN=15 FP=10 FN=43 TP=40
    Fold  4/10 | ROC=0.5267  AUPRC=0.7870  Acc=0.5093  F1=0.6015 | TN=15 FP=10 FN=43 TP=40
    Fold  5/10 | ROC=0.6569  AUPRC=0.8700  Acc=0.3981  F1=0.5113 | TN=9 FP=16 FN=49 TP=34
    Fold  6/10 | ROC=0.3971  AUPRC=0.7261  Acc=0.5648  F1=0.6569 | TN=16 FP=9 FN=38 TP=45
    Fold  7/10 | ROC=0.5087  AUPRC=0.7688  Acc=0.4815  F1=0.5882 | TN=12 FP=13 FN=43 TP=40
    Fold  8/10 | ROC=0.5667  AUPRC=0.7986  Acc=0.4630  F1=0.5672 | TN=12 FP=13 FN=45 TP=38
    Fold  9/10 | ROC=0.4712  AUPRC=0.7831  Acc=0.5794  F1=0.6763 | TN=15 FP=10 FN=35 TP=47
    Fold 10/10 | ROC=0.6000  AUPRC=0.8205  Acc=0.4486  F1=0.5496 | TN=12 FP=13 FN=46 TP=36

  ── sigmoid_svm ────────────────────────────────────────
    CV  AUROC     : 0.5197
    CV  AUPRC     : 0.7874
    CV  Accuracy  : 0.4898
    CV  Precision : 0.7688
    CV  Recall    : 0.4777
    CV  F1        : 0.5889
    Full AUROC    : 0.5550
    Full AUPRC    : 0.7973

────────────────────────────────────────────────────────────
  Classifier: random_forest
────────────────────────────────────────────────────────────
    Fold  1/10 | ROC=0.5945  AUPRC=0.7934  Acc=0.7315  F1=0.8324 | TN=7 FP=19 FN=10 TP=72
    Fold  2/10 | ROC=0.5537  AUPRC=0.8065  Acc=0.6481  F1=0.7765 | TN=4 FP=21 FN=17 TP=66
    Fold  3/10 | ROC=0.5161  AUPRC=0.7724  Acc=0.6667  F1=0.7831 | TN=7 FP=18 FN=18 TP=65
    Fold  4/10 | ROC=0.3598  AUPRC=0.7043  Acc=0.6204  F1=0.7515 | TN=5 FP=20 FN=21 TP=62
    Fold  5/10 | ROC=0.5564  AUPRC=0.8056  Acc=0.6574  F1=0.7730 | TN=8 FP=17 FN=20 TP=63
    Fold  6/10 | ROC=0.4952  AUPRC=0.7743  Acc=0.6574  F1=0.7910 | TN=1 FP=24 FN=13 TP=70
    Fold  7/10 | ROC=0.6407  AUPRC=0.8382  Acc=0.7037  F1=0.8095 | TN=8 FP=17 FN=15 TP=68
    Fold  8/10 | ROC=0.4701  AUPRC=0.7448  Acc=0.6574  F1=0.7811 | TN=5 FP=20 FN=17 TP=66
    Fold  9/10 | ROC=0.5576  AUPRC=0.7981  Acc=0.6916  F1=0.8000 | TN=8 FP=17 FN=16 TP=66
    Fold 10/10 | ROC=0.5498  AUPRC=0.7917  Acc=0.6449  F1=0.7711 | TN=5 FP=20 FN=18 TP=64

  ── random_forest ────────────────────────────────────────
    CV  AUROC     : 0.5294
    CV  AUPRC     : 0.7829
    CV  Accuracy  : 0.6679
    CV  Precision : 0.7746
    CV  Recall    : 0.8006
    CV  F1        : 0.7869
    Full AUROC    : 0.9773
    Full AUPRC    : 0.9880

============================================================
Run complete.
  Aggregate results → /home/a/akashsingh/FM-MAE-CL-IB/Objective_Functions_Ablations/results/ablation_results.csv
  Per-fold metrics  → /home/a/akashsingh/FM-MAE-CL-IB/Objective_Functions_Ablations/results/fold_metrics_logcosh_kl_20260420_172831.csv
  Run outputs       → /home/a/akashsingh/FM-MAE-CL-IB/Objective_Functions_Ablations/outputs/logcosh_kl_20260420_172831
    (latent CSV, training log, checkpoint, ROC/PRC NPZs, CMs)
============================================================

==============================================
End time : Mon Apr 20 17:29:15 EDT 2026
Results  : /home/a/akashsingh/FM-MAE-CL-IB/Objective_Functions_Ablations/results/
Outputs  : /home/a/akashsingh/FM-MAE-CL-IB/Objective_Functions_Ablations/outputs/
All done.
==============================================
