==============================================
Job ID      : 326022
Node        : GPU3.cse.usf.edu
GPU(s)      : NVIDIA GeForce GTX 1080 Ti, 11264 MiB
Start time  : Tue Apr 21 16:57:17 EDT 2026
Working dir : /home/a/akashsingh/FM-MAE-CL-IB
==============================================

[ABLATION CONFIG — mRNA]
  run_name   : logcosh_kl
  loss_fn    : logcosh
  regularizer: kl
  kl_weight  : 1.0
  mmd_weight : 10.0
  epochs     : 50
----------------------------------------------
[0/2] mRNA data already preprocessed — skipping.

[1/2] Generating / verifying persistent CV splits ...
Splits file already exists: /home/a/akashsingh/FM-MAE-CL-IB/Objective_Functions_Ablations/mRNA/splits/splits_10fold.json
Use --overwrite to regenerate.

[2/2] Running ablation ...
Splits: 10 folds | 1214 patients

Loading: /home/a/akashsingh/FM-MAE-CL-IB/data/processed/raw_features_mrna.csv
  1214 patients × 500 features (MinMax-scaled)
  Label 0 (long-term): 292  Label 1 (short-term): 922
Device: cuda
        NVIDIA GeForce GTX 1080 Ti

============================================================
  Training VAE_mRNA | recon=logcosh | reg=kl
============================================================
  VAE_mRNA: input=500 → latent=32 | 345,524 params | recon=logcosh | reg=kl
       KL weight β=1.0
  Epoch   1/50 | total=0.15776  recon=0.09450  reg=0.06326 | lr=1.00e-03
  Epoch   2/50 | total=0.07355  recon=0.05024  reg=0.02331 | lr=1.00e-03
  Epoch   3/50 | total=0.04929  recon=0.03813  reg=0.01117 | lr=1.00e-03
  Epoch   4/50 | total=0.02564  recon=0.02371  reg=0.00193 | lr=1.00e-03
  Epoch   5/50 | total=0.02168  recon=0.02070  reg=0.00098 | lr=1.00e-03
  Epoch   6/50 | total=0.02101  recon=0.02032  reg=0.00069 | lr=1.00e-03
  Epoch   7/50 | total=0.02032  recon=0.01981  reg=0.00051 | lr=1.00e-03
  Epoch   8/50 | total=0.02002  recon=0.01962  reg=0.00040 | lr=1.00e-03
  Epoch   9/50 | total=0.01982  recon=0.01951  reg=0.00031 | lr=1.00e-03
  Epoch  10/50 | total=0.01959  recon=0.01934  reg=0.00025 | lr=1.00e-03
  Epoch  11/50 | total=0.01948  recon=0.01928  reg=0.00020 | lr=1.00e-03
  Epoch  12/50 | total=0.01937  recon=0.01920  reg=0.00017 | lr=1.00e-03
  Epoch  13/50 | total=0.01933  recon=0.01919  reg=0.00014 | lr=1.00e-03
  Epoch  14/50 | total=0.01923  recon=0.01910  reg=0.00013 | lr=1.00e-03
  Epoch  15/50 | total=0.01916  recon=0.01905  reg=0.00011 | lr=1.00e-03
  Epoch  16/50 | total=0.01914  recon=0.01904  reg=0.00010 | lr=1.00e-03
  Epoch  17/50 | total=0.01908  recon=0.01899  reg=0.00009 | lr=1.00e-03
  Epoch  18/50 | total=0.01903  recon=0.01895  reg=0.00008 | lr=1.00e-03
  Epoch  19/50 | total=0.01904  recon=0.01897  reg=0.00007 | lr=1.00e-03
  Epoch  20/50 | total=0.01900  recon=0.01893  reg=0.00007 | lr=1.00e-03
  Epoch  21/50 | total=0.01897  recon=0.01890  reg=0.00006 | lr=1.00e-03
  Epoch  22/50 | total=0.01894  recon=0.01888  reg=0.00006 | lr=1.00e-03
  Epoch  23/50 | total=0.01897  recon=0.01892  reg=0.00005 | lr=1.00e-03
  Epoch  24/50 | total=0.01891  recon=0.01886  reg=0.00005 | lr=1.00e-03
  Epoch  25/50 | total=0.01890  recon=0.01886  reg=0.00005 | lr=1.00e-03
  Epoch  26/50 | total=0.01888  recon=0.01884  reg=0.00004 | lr=1.00e-03
  Epoch  27/50 | total=0.01890  recon=0.01886  reg=0.00004 | lr=1.00e-03
  Epoch  28/50 | total=0.01887  recon=0.01884  reg=0.00004 | lr=1.00e-03
  Epoch  29/50 | total=0.01887  recon=0.01883  reg=0.00003 | lr=1.00e-03
  Epoch  30/50 | total=0.01882  recon=0.01879  reg=0.00003 | lr=1.00e-03
  Epoch  31/50 | total=0.01881  recon=0.01878  reg=0.00003 | lr=1.00e-03
  Epoch  32/50 | total=0.01880  recon=0.01878  reg=0.00003 | lr=1.00e-03
  Epoch  33/50 | total=0.01879  recon=0.01877  reg=0.00002 | lr=9.99e-04
  Epoch  34/50 | total=0.01884  recon=0.01881  reg=0.00002 | lr=9.99e-04
  Epoch  35/50 | total=0.01879  recon=0.01877  reg=0.00002 | lr=9.99e-04
  Epoch  36/50 | total=0.01881  recon=0.01878  reg=0.00002 | lr=9.99e-04
  Epoch  37/50 | total=0.01874  recon=0.01872  reg=0.00002 | lr=9.99e-04
  Epoch  38/50 | total=0.01877  recon=0.01875  reg=0.00002 | lr=9.99e-04
  Epoch  39/50 | total=0.01875  recon=0.01873  reg=0.00002 | lr=9.99e-04
  Epoch  40/50 | total=0.01876  recon=0.01874  reg=0.00002 | lr=9.99e-04
  Epoch  41/50 | total=0.01872  recon=0.01870  reg=0.00002 | lr=9.99e-04
  Epoch  42/50 | total=0.01871  recon=0.01869  reg=0.00002 | lr=9.99e-04
  Epoch  43/50 | total=0.01871  recon=0.01870  reg=0.00002 | lr=9.99e-04
  Epoch  44/50 | total=0.01870  recon=0.01868  reg=0.00002 | lr=9.99e-04
  Epoch  45/50 | total=0.01874  recon=0.01873  reg=0.00002 | lr=9.99e-04
  Epoch  46/50 | total=0.01873  recon=0.01872  reg=0.00002 | lr=9.99e-04
  Epoch  47/50 | total=0.01868  recon=0.01867  reg=0.00001 | lr=9.99e-04
  Epoch  48/50 | total=0.01872  recon=0.01871  reg=0.00001 | lr=9.99e-04
  Epoch  49/50 | total=0.01874  recon=0.01873  reg=0.00001 | lr=9.99e-04
  Epoch  50/50 | total=0.01869  recon=0.01868  reg=0.00001 | lr=9.99e-04
  Latent features: (1214, 32)  (epochs run: 50)
  Checkpoint   → /home/a/akashsingh/FM-MAE-CL-IB/Objective_Functions_Ablations/mRNA/outputs/betavalue=1.0/logcosh_kl_20260421_165724/vae_checkpoint.pt
  Training log → /home/a/akashsingh/FM-MAE-CL-IB/Objective_Functions_Ablations/mRNA/outputs/betavalue=1.0/logcosh_kl_20260421_165724/vae_training_log.csv

Latent features → /home/a/akashsingh/FM-MAE-CL-IB/Objective_Functions_Ablations/mRNA/outputs/betavalue=1.0/logcosh_kl_20260421_165724/vae_latent_features.csv
Manifest → /home/a/akashsingh/FM-MAE-CL-IB/Objective_Functions_Ablations/mRNA/outputs/betavalue=1.0/logcosh_kl_20260421_165724/manifest.json

============================================================
  5 classifiers | 10-fold pre-fixed splits
============================================================

────────────────────────────────────────────────────────────
  Classifier: rbf_svm
────────────────────────────────────────────────────────────
    Fold  1/10 | ROC=0.4397  AUPRC=0.7497  Acc=0.6311  F1=0.7668 | TN=3 FP=26 FN=19 TP=74
    Fold  2/10 | ROC=0.4587  AUPRC=0.7355  Acc=0.6639  F1=0.7831 | TN=7 FP=22 FN=19 TP=74
    Fold  3/10 | ROC=0.5040  AUPRC=0.7577  Acc=0.6475  F1=0.7725 | TN=6 FP=24 FN=19 TP=73
    Fold  4/10 | ROC=0.6330  AUPRC=0.8469  Acc=0.6557  F1=0.7692 | TN=10 FP=20 FN=22 TP=70
    Fold  5/10 | ROC=0.4106  AUPRC=0.7400  Acc=0.6529  F1=0.7857 | TN=2 FP=27 FN=15 TP=77
    Fold  6/10 | ROC=0.5555  AUPRC=0.7718  Acc=0.7273  F1=0.8272 | TN=9 FP=20 FN=13 TP=79
    Fold  7/10 | ROC=0.4816  AUPRC=0.7619  Acc=0.6446  F1=0.7725 | TN=5 FP=24 FN=19 TP=73
    Fold  8/10 | ROC=0.4595  AUPRC=0.7339  Acc=0.7273  F1=0.8342 | TN=5 FP=24 FN=9 TP=83
    Fold  9/10 | ROC=0.5678  AUPRC=0.8189  Acc=0.7190  F1=0.8350 | TN=1 FP=28 FN=6 TP=86
    Fold 10/10 | ROC=0.5551  AUPRC=0.8002  Acc=0.7273  F1=0.8325 | TN=6 FP=23 FN=10 TP=82

  ── rbf_svm ────────────────────────────────────────
    CV  AUROC     : 0.5066
    CV  AUPRC     : 0.7717
    CV  Accuracy  : 0.6797
    CV  Precision : 0.7643
    CV  Recall    : 0.8363
    CV  F1        : 0.7979
    Full AUROC    : 0.9441
    Full AUPRC    : 0.9686

────────────────────────────────────────────────────────────
  Classifier: linear_svm
────────────────────────────────────────────────────────────
    Fold  1/10 | ROC=0.4926  AUPRC=0.7676  Acc=0.5082  F1=0.6053 | TN=16 FP=13 FN=47 TP=46
    Fold  2/10 | ROC=0.3773  AUPRC=0.7012  Acc=0.4344  F1=0.5490 | TN=11 FP=18 FN=51 TP=42
    Fold  3/10 | ROC=0.4583  AUPRC=0.7194  Acc=0.6148  F1=0.7251 | TN=13 FP=17 FN=30 TP=62
    Fold  4/10 | ROC=0.5908  AUPRC=0.8163  Acc=0.5738  F1=0.6486 | TN=22 FP=8 FN=44 TP=48
    Fold  5/10 | ROC=0.4022  AUPRC=0.7158  Acc=0.5041  F1=0.6250 | TN=11 FP=18 FN=42 TP=50
    Fold  6/10 | ROC=0.4636  AUPRC=0.7272  Acc=0.4711  F1=0.5733 | TN=14 FP=15 FN=49 TP=43
    Fold  7/10 | ROC=0.4284  AUPRC=0.7325  Acc=0.4711  F1=0.5949 | TN=10 FP=19 FN=45 TP=47
    Fold  8/10 | ROC=0.4768  AUPRC=0.7343  Acc=0.5124  F1=0.6144 | TN=15 FP=14 FN=45 TP=47
    Fold  9/10 | ROC=0.5686  AUPRC=0.8165  Acc=0.5372  F1=0.6543 | TN=12 FP=17 FN=39 TP=53
    Fold 10/10 | ROC=0.4642  AUPRC=0.7245  Acc=0.4959  F1=0.6164 | TN=11 FP=18 FN=43 TP=49

  ── linear_svm ────────────────────────────────────────
    CV  AUROC     : 0.4723
    CV  AUPRC     : 0.7455
    CV  Accuracy  : 0.5123
    CV  Precision : 0.7569
    CV  Recall    : 0.5283
    CV  F1        : 0.6206
    Full AUROC    : 0.5752
    Full AUPRC    : 0.7973

────────────────────────────────────────────────────────────
  Classifier: poly_svm
────────────────────────────────────────────────────────────
    Fold  1/10 | ROC=0.4030  AUPRC=0.7312  Acc=0.7131  F1=0.8309 | TN=1 FP=28 FN=7 TP=86
    Fold  2/10 | ROC=0.5365  AUPRC=0.7761  Acc=0.7295  F1=0.8390 | TN=3 FP=26 FN=7 TP=86
    Fold  3/10 | ROC=0.3699  AUPRC=0.6889  Acc=0.6967  F1=0.8195 | TN=1 FP=29 FN=8 TP=84
    Fold  4/10 | ROC=0.4891  AUPRC=0.7829  Acc=0.6803  F1=0.8098 | TN=0 FP=30 FN=9 TP=83
    Fold  5/10 | ROC=0.5195  AUPRC=0.7630  Acc=0.7438  F1=0.8488 | TN=3 FP=26 FN=5 TP=87
    Fold  6/10 | ROC=0.3984  AUPRC=0.6860  Acc=0.7438  F1=0.8517 | TN=1 FP=28 FN=3 TP=89
    Fold  7/10 | ROC=0.5015  AUPRC=0.7486  Acc=0.6942  F1=0.8195 | TN=0 FP=29 FN=8 TP=84
    Fold  8/10 | ROC=0.4352  AUPRC=0.7285  Acc=0.6942  F1=0.8177 | TN=1 FP=28 FN=9 TP=83
    Fold  9/10 | ROC=0.5513  AUPRC=0.7759  Acc=0.7521  F1=0.8585 | TN=0 FP=29 FN=1 TP=91
    Fold 10/10 | ROC=0.5371  AUPRC=0.7896  Acc=0.7107  F1=0.8293 | TN=1 FP=28 FN=7 TP=85

  ── poly_svm ────────────────────────────────────────
    CV  AUROC     : 0.4742
    CV  AUPRC     : 0.7471
    CV  Accuracy  : 0.7159
    CV  Precision : 0.7532
    CV  Recall    : 0.9306
    CV  F1        : 0.8325
    Full AUROC    : 0.9691
    Full AUPRC    : 0.9753

────────────────────────────────────────────────────────────
  Classifier: sigmoid_svm
────────────────────────────────────────────────────────────
    Fold  1/10 | ROC=0.4627  AUPRC=0.7653  Acc=0.5000  F1=0.5850 | TN=18 FP=11 FN=50 TP=43
    Fold  2/10 | ROC=0.6110  AUPRC=0.8324  Acc=0.4180  F1=0.5103 | TN=14 FP=15 FN=56 TP=37
    Fold  3/10 | ROC=0.4946  AUPRC=0.7560  Acc=0.5492  F1=0.6584 | TN=14 FP=16 FN=39 TP=53
    Fold  4/10 | ROC=0.4417  AUPRC=0.7412  Acc=0.5164  F1=0.5816 | TN=22 FP=8 FN=51 TP=41
    Fold  5/10 | ROC=0.6001  AUPRC=0.8373  Acc=0.5124  F1=0.6242 | TN=13 FP=16 FN=43 TP=49
    Fold  6/10 | ROC=0.5094  AUPRC=0.7533  Acc=0.4298  F1=0.5175 | TN=15 FP=14 FN=55 TP=37
    Fold  7/10 | ROC=0.5375  AUPRC=0.7850  Acc=0.4463  F1=0.5248 | TN=17 FP=12 FN=55 TP=37
    Fold  8/10 | ROC=0.5292  AUPRC=0.7816  Acc=0.4215  F1=0.5070 | TN=15 FP=14 FN=56 TP=36
    Fold  9/10 | ROC=0.4738  AUPRC=0.7572  Acc=0.5289  F1=0.6275 | TN=16 FP=13 FN=44 TP=48
    Fold 10/10 | ROC=0.5457  AUPRC=0.8005  Acc=0.5041  F1=0.6000 | TN=16 FP=13 FN=47 TP=45

  ── sigmoid_svm ────────────────────────────────────────
    CV  AUROC     : 0.5206
    CV  AUPRC     : 0.7810
    CV  Accuracy  : 0.4827
    CV  Precision : 0.7630
    CV  Recall    : 0.4621
    CV  F1        : 0.5736
    Full AUROC    : 0.6201
    Full AUPRC    : 0.8214

────────────────────────────────────────────────────────────
  Classifier: random_forest
────────────────────────────────────────────────────────────
    Fold  1/10 | ROC=0.5241  AUPRC=0.7669  Acc=0.6885  F1=0.8000 | TN=8 FP=21 FN=17 TP=76
    Fold  2/10 | ROC=0.4316  AUPRC=0.7303  Acc=0.6393  F1=0.7732 | TN=3 FP=26 FN=18 TP=75
    Fold  3/10 | ROC=0.4089  AUPRC=0.7043  Acc=0.6311  F1=0.7644 | TN=4 FP=26 FN=19 TP=73
    Fold  4/10 | ROC=0.6094  AUPRC=0.8109  Acc=0.7049  F1=0.8125 | TN=8 FP=22 FN=14 TP=78
    Fold  5/10 | ROC=0.3615  AUPRC=0.7013  Acc=0.6364  F1=0.7660 | TN=5 FP=24 FN=20 TP=72
    Fold  6/10 | ROC=0.4455  AUPRC=0.7309  Acc=0.6446  F1=0.7749 | TN=4 FP=25 FN=18 TP=74
    Fold  7/10 | ROC=0.5461  AUPRC=0.7889  Acc=0.6446  F1=0.7749 | TN=4 FP=25 FN=18 TP=74
    Fold  8/10 | ROC=0.5242  AUPRC=0.7675  Acc=0.7107  F1=0.8148 | TN=9 FP=20 FN=15 TP=77
    Fold  9/10 | ROC=0.5094  AUPRC=0.7821  Acc=0.6694  F1=0.7938 | TN=4 FP=25 FN=15 TP=77
    Fold 10/10 | ROC=0.5193  AUPRC=0.7728  Acc=0.7190  F1=0.8283 | TN=5 FP=24 FN=10 TP=82

  ── random_forest ────────────────────────────────────────
    CV  AUROC     : 0.4880
    CV  AUPRC     : 0.7556
    CV  Accuracy  : 0.6689
    CV  Precision : 0.7611
    CV  Recall    : 0.8221
    CV  F1        : 0.7903
    Full AUROC    : 0.9681
    Full AUPRC    : 0.9826

============================================================
Run complete.
  Aggregate results → /home/a/akashsingh/FM-MAE-CL-IB/Objective_Functions_Ablations/mRNA/results/betavalue=1.0/ablation_results.csv
  Per-fold metrics  → /home/a/akashsingh/FM-MAE-CL-IB/Objective_Functions_Ablations/mRNA/results/betavalue=1.0/fold_metrics_logcosh_kl_20260421_165724.csv
  Run outputs       → /home/a/akashsingh/FM-MAE-CL-IB/Objective_Functions_Ablations/mRNA/outputs/betavalue=1.0/logcosh_kl_20260421_165724
============================================================
